<?xml version="1.0" encoding="UTF-8"?>
<testsuite xmlns:xsi="http://www.w3.org/2001/XMLSchema-instance" xsi:noNamespaceSchemaLocation="https://maven.apache.org/surefire/maven-surefire-plugin/xsd/surefire-test-report-3.0.xsd" version="3.0" name="com.example.main.controller.HomeControllerTest" time="0.328" tests="1" errors="0" skipped="0" failures="0">
  <properties>
[...]
</properties>
  <testcase name="index_shouldForwardToIndexHtml" classname="com.example.main.controller.HomeControllerTest" time="0.012">
    <system-out><![CDATA[2025-12-26T13:42:24.771+05:30  INFO 23324 --- [           main] t.c.s.AnnotationConfigContextLoaderUtils : Could not detect default configuration classes for test class [com.example.main.controller.HomeControllerTest]: HomeControllerTest does not declare any static, non-private, non-final, nested classes annotated with @Configuration.
2025-12-26T13:42:24.790+05:30  INFO 23324 --- [           main] .b.t.c.SpringBootTestContextBootstrapper : Found @SpringBootConfiguration com.example.main.MainServiceApplication for test class com.example.main.controller.HomeControllerTest

  .   ____          _            __ _ _
 /\\ / ___'_ __ _ _(_)_ __  __ _ \ \ \ \
( ( )\___ | '_ | '_| | '_ \/ _` | \ \ \ \
 \\/  ___)| |_)| | | | | || (_| |  ) ) ) )
  '  |____| .__|_| |_|_| |_\__, | / / / /
 =========|_|==============|___/=/_/_/_/
 :: Spring Boot ::                (v3.1.6)

2025-12-26T13:42:24.843+05:30  INFO 23324 --- [           main] c.e.main.controller.HomeControllerTest   : Starting HomeControllerTest using Java 21.0.2 with PID 23324 (started by patil in C:\AWS_Devops_Class\Devops_VipinSir\3_tier_project\dockerdesk_deployment\main-service)
2025-12-26T13:42:24.843+05:30  INFO 23324 --- [           main] c.e.main.controller.HomeControllerTest   : No active profile set, falling back to 1 default profile: "default"
2025-12-26T13:42:25.039+05:30  INFO 23324 --- [           main] o.s.b.a.w.s.WelcomePageHandlerMapping    : Adding welcome page: class path resource [static/index.html]
2025-12-26T13:42:25.068+05:30  INFO 23324 --- [           main] o.s.b.t.m.w.SpringBootMockServletContext : Initializing Spring TestDispatcherServlet ''
2025-12-26T13:42:25.068+05:30  INFO 23324 --- [           main] o.s.t.web.servlet.TestDispatcherServlet  : Initializing Servlet ''
2025-12-26T13:42:25.068+05:30  INFO 23324 --- [           main] o.s.t.web.servlet.TestDispatcherServlet  : Completed initialization in 0 ms
2025-12-26T13:42:25.074+05:30  INFO 23324 --- [           main] c.e.main.controller.HomeControllerTest   : Started HomeControllerTest in 0.275 seconds (process running for 4.596)
]]></system-out>
  </testcase>
</testsuite>